[Fri Nov 20 22:58:20.709033 2015] [mpm_winnt:notice] [pid 5932:tid 412] AH00455: Apache/2.4.9 (Win32) PHP/5.5.12 configured -- resuming normal operations
[Fri Nov 20 22:58:20.710033 2015] [mpm_winnt:notice] [pid 5932:tid 412] AH00456: Apache Lounge VC11 Server built: Mar 16 2014 12:13:13
[Fri Nov 20 22:58:20.710033 2015] [core:notice] [pid 5932:tid 412] AH00094: Command line: 'c:\\wamp\\bin\\apache\\apache2.4.9\\bin\\httpd.exe -d C:/wamp/bin/apache/apache2.4.9'
[Fri Nov 20 22:58:20.727034 2015] [mpm_winnt:notice] [pid 5932:tid 412] AH00418: Parent: Created child process 9088
[Fri Nov 20 22:58:22.875157 2015] [mpm_winnt:notice] [pid 9088:tid 328] AH00354: Child: Starting 64 worker threads.
[Sat Nov 21 01:05:04.444536 2015] [mpm_winnt:notice] [pid 5932:tid 412] AH00422: Parent: Received shutdown signal -- Shutting down the server.
[Sat Nov 21 01:05:06.473539 2015] [mpm_winnt:notice] [pid 9088:tid 328] AH00364: Child: All worker threads have exited.
[Sat Nov 21 01:05:06.504739 2015] [mpm_winnt:notice] [pid 5932:tid 412] AH00430: Parent: Child process 9088 exited successfully.
[Tue Nov 24 09:10:28.905818 2015] [mpm_winnt:notice] [pid 7580:tid 416] AH00455: Apache/2.4.9 (Win32) PHP/5.5.12 configured -- resuming normal operations
[Tue Nov 24 09:10:28.905818 2015] [mpm_winnt:notice] [pid 7580:tid 416] AH00456: Apache Lounge VC11 Server built: Mar 16 2014 12:13:13
[Tue Nov 24 09:10:28.905818 2015] [core:notice] [pid 7580:tid 416] AH00094: Command line: 'c:\\wamp\\bin\\apache\\apache2.4.9\\bin\\httpd.exe -d C:/wamp/bin/apache/apache2.4.9'
[Tue Nov 24 09:10:28.973319 2015] [mpm_winnt:notice] [pid 7580:tid 416] AH00418: Parent: Created child process 7864
[Tue Nov 24 09:10:31.164353 2015] [mpm_winnt:notice] [pid 7864:tid 328] AH00354: Child: Starting 64 worker threads.
[Tue Nov 24 09:23:36.107682 2015] [mpm_winnt:notice] [pid 7580:tid 416] AH00422: Parent: Received shutdown signal -- Shutting down the server.
[Tue Nov 24 09:23:38.119486 2015] [mpm_winnt:notice] [pid 7864:tid 328] AH00364: Child: All worker threads have exited.
[Tue Nov 24 09:23:38.150686 2015] [mpm_winnt:notice] [pid 7580:tid 416] AH00430: Parent: Child process 7864 exited successfully.
[Tue Nov 24 09:23:39.572289 2015] [mpm_winnt:notice] [pid 8668:tid 412] AH00455: Apache/2.4.9 (Win32) PHP/5.5.12 configured -- resuming normal operations
[Tue Nov 24 09:23:39.572289 2015] [mpm_winnt:notice] [pid 8668:tid 412] AH00456: Apache Lounge VC11 Server built: Mar 16 2014 12:13:13
[Tue Nov 24 09:23:39.572289 2015] [core:notice] [pid 8668:tid 412] AH00094: Command line: 'c:\\wamp\\bin\\apache\\apache2.4.9\\bin\\httpd.exe -d C:/wamp/bin/apache/apache2.4.9'
[Tue Nov 24 09:23:39.572289 2015] [mpm_winnt:notice] [pid 8668:tid 412] AH00418: Parent: Created child process 8696
[Tue Nov 24 09:23:40.929492 2015] [mpm_winnt:notice] [pid 8696:tid 328] AH00354: Child: Starting 64 worker threads.
[Tue Nov 24 10:07:40.484578 2015] [mpm_winnt:notice] [pid 8668:tid 412] AH00422: Parent: Received shutdown signal -- Shutting down the server.
[Tue Nov 24 10:07:42.506382 2015] [mpm_winnt:notice] [pid 8696:tid 328] AH00364: Child: All worker threads have exited.
[Tue Nov 24 10:07:42.537582 2015] [mpm_winnt:notice] [pid 8668:tid 412] AH00430: Parent: Child process 8696 exited successfully.
[Tue Nov 24 10:07:43.795584 2015] [mpm_winnt:notice] [pid 2384:tid 412] AH00455: Apache/2.4.9 (Win32) PHP/5.5.12 configured -- resuming normal operations
[Tue Nov 24 10:07:43.795584 2015] [mpm_winnt:notice] [pid 2384:tid 412] AH00456: Apache Lounge VC11 Server built: Mar 16 2014 12:13:13
[Tue Nov 24 10:07:43.795584 2015] [core:notice] [pid 2384:tid 412] AH00094: Command line: 'c:\\wamp\\bin\\apache\\apache2.4.9\\bin\\httpd.exe -d C:/wamp/bin/apache/apache2.4.9'
[Tue Nov 24 10:07:43.795584 2015] [mpm_winnt:notice] [pid 2384:tid 412] AH00418: Parent: Created child process 7764
[Tue Nov 24 10:07:44.959387 2015] [mpm_winnt:notice] [pid 7764:tid 328] AH00354: Child: Starting 64 worker threads.
[Tue Nov 24 10:13:11.898344 2015] [mpm_winnt:notice] [pid 2384:tid 412] AH00422: Parent: Received shutdown signal -- Shutting down the server.
[Tue Nov 24 10:13:13.912549 2015] [mpm_winnt:notice] [pid 7764:tid 328] AH00364: Child: All worker threads have exited.
[Tue Nov 24 10:13:13.928149 2015] [mpm_winnt:notice] [pid 2384:tid 412] AH00430: Parent: Child process 7764 exited successfully.
[Tue Nov 24 10:13:27.995078 2015] [mpm_winnt:notice] [pid 3392:tid 412] AH00455: Apache/2.4.9 (Win32) PHP/5.5.12 configured -- resuming normal operations
[Tue Nov 24 10:13:27.995078 2015] [mpm_winnt:notice] [pid 3392:tid 412] AH00456: Apache Lounge VC11 Server built: Mar 16 2014 12:13:13
[Tue Nov 24 10:13:27.995078 2015] [core:notice] [pid 3392:tid 412] AH00094: Command line: 'c:\\wamp\\bin\\apache\\apache2.4.9\\bin\\httpd.exe -d C:/wamp/bin/apache/apache2.4.9'
[Tue Nov 24 10:13:28.010678 2015] [mpm_winnt:notice] [pid 3392:tid 412] AH00418: Parent: Created child process 7476
[Tue Nov 24 10:13:29.305481 2015] [mpm_winnt:notice] [pid 7476:tid 328] AH00354: Child: Starting 64 worker threads.
[Tue Nov 24 10:14:18.922334 2015] [mpm_winnt:notice] [pid 3392:tid 412] AH00422: Parent: Received shutdown signal -- Shutting down the server.
[Tue Nov 24 10:48:02.229900 2015] [core:warn] [pid 8152:tid 292] AH00098: pid file C:/wamp/bin/apache/apache2.4.9/logs/httpd.pid overwritten -- Unclean shutdown of previous Apache run?
[Tue Nov 24 10:48:02.323500 2015] [mpm_winnt:notice] [pid 8152:tid 292] AH00455: Apache/2.4.9 (Win32) PHP/5.5.12 configured -- resuming normal operations
[Tue Nov 24 10:48:02.323500 2015] [mpm_winnt:notice] [pid 8152:tid 292] AH00456: Apache Lounge VC11 Server built: Mar 16 2014 12:13:13
[Tue Nov 24 10:48:02.323500 2015] [core:notice] [pid 8152:tid 292] AH00094: Command line: 'c:\\wamp\\bin\\apache\\apache2.4.9\\bin\\httpd.exe -d C:/wamp/bin/apache/apache2.4.9'
[Tue Nov 24 10:48:02.323500 2015] [mpm_winnt:notice] [pid 8152:tid 292] AH00418: Parent: Created child process 2852
[Tue Nov 24 10:48:03.763724 2015] [mpm_winnt:notice] [pid 2852:tid 328] AH00354: Child: Starting 64 worker threads.
[Tue Nov 24 10:48:06.325737 2015] [mpm_winnt:notice] [pid 8152:tid 292] AH00422: Parent: Received shutdown signal -- Shutting down the server.
[Tue Nov 24 10:48:08.335541 2015] [mpm_winnt:notice] [pid 2852:tid 328] AH00364: Child: All worker threads have exited.
[Tue Nov 24 10:48:08.351141 2015] [mpm_winnt:notice] [pid 8152:tid 292] AH00430: Parent: Child process 2852 exited successfully.
[Tue Nov 24 10:48:09.738384 2015] [mpm_winnt:notice] [pid 2380:tid 412] AH00455: Apache/2.4.9 (Win32) PHP/5.5.12 configured -- resuming normal operations
[Tue Nov 24 10:48:09.739384 2015] [mpm_winnt:notice] [pid 2380:tid 412] AH00456: Apache Lounge VC11 Server built: Mar 16 2014 12:13:13
[Tue Nov 24 10:48:09.739384 2015] [core:notice] [pid 2380:tid 412] AH00094: Command line: 'c:\\wamp\\bin\\apache\\apache2.4.9\\bin\\httpd.exe -d C:/wamp/bin/apache/apache2.4.9'
[Tue Nov 24 10:48:09.743384 2015] [mpm_winnt:notice] [pid 2380:tid 412] AH00418: Parent: Created child process 5012
[Tue Nov 24 10:48:11.147465 2015] [mpm_winnt:notice] [pid 5012:tid 328] AH00354: Child: Starting 64 worker threads.
[Tue Nov 24 11:04:08.220654 2015] [mpm_winnt:notice] [pid 2380:tid 412] AH00422: Parent: Received shutdown signal -- Shutting down the server.
[Tue Nov 24 11:04:10.221769 2015] [mpm_winnt:notice] [pid 5012:tid 328] AH00364: Child: All worker threads have exited.
[Tue Nov 24 11:04:10.260771 2015] [mpm_winnt:notice] [pid 2380:tid 412] AH00430: Parent: Child process 5012 exited successfully.
[Tue Nov 24 11:04:18.502243 2015] [mpm_winnt:notice] [pid 3024:tid 412] AH00455: Apache/2.4.9 (Win32) PHP/5.5.12 configured -- resuming normal operations
[Tue Nov 24 11:04:18.502243 2015] [mpm_winnt:notice] [pid 3024:tid 412] AH00456: Apache Lounge VC11 Server built: Mar 16 2014 12:13:13
[Tue Nov 24 11:04:18.503243 2015] [core:notice] [pid 3024:tid 412] AH00094: Command line: 'c:\\wamp\\bin\\apache\\apache2.4.9\\bin\\httpd.exe -d C:/wamp/bin/apache/apache2.4.9'
[Tue Nov 24 11:04:18.506243 2015] [mpm_winnt:notice] [pid 3024:tid 412] AH00418: Parent: Created child process 5068
[Tue Nov 24 11:04:20.055331 2015] [mpm_winnt:notice] [pid 5068:tid 328] AH00354: Child: Starting 64 worker threads.
[Tue Nov 24 11:15:51.615914 2015] [mpm_winnt:notice] [pid 3024:tid 412] AH00422: Parent: Received shutdown signal -- Shutting down the server.
[Tue Nov 24 17:40:34.678711 2015] [core:warn] [pid 5644:tid 292] AH00098: pid file C:/wamp/bin/apache/apache2.4.9/logs/httpd.pid overwritten -- Unclean shutdown of previous Apache run?
[Tue Nov 24 17:40:35.099912 2015] [mpm_winnt:notice] [pid 5644:tid 292] AH00455: Apache/2.4.9 (Win32) PHP/5.5.12 configured -- resuming normal operations
[Tue Nov 24 17:40:35.099912 2015] [mpm_winnt:notice] [pid 5644:tid 292] AH00456: Apache Lounge VC11 Server built: Mar 16 2014 12:13:13
[Tue Nov 24 17:40:35.099912 2015] [core:notice] [pid 5644:tid 292] AH00094: Command line: 'c:\\wamp\\bin\\apache\\apache2.4.9\\bin\\httpd.exe -d C:/wamp/bin/apache/apache2.4.9'
[Tue Nov 24 17:40:35.099912 2015] [mpm_winnt:notice] [pid 5644:tid 292] AH00418: Parent: Created child process 340
[Tue Nov 24 17:40:36.581914 2015] [mpm_winnt:notice] [pid 340:tid 328] AH00354: Child: Starting 64 worker threads.
[Tue Nov 24 17:40:40.070122 2015] [mpm_winnt:notice] [pid 5644:tid 292] AH00422: Parent: Received shutdown signal -- Shutting down the server.
[Tue Nov 24 17:40:42.078327 2015] [mpm_winnt:notice] [pid 340:tid 328] AH00364: Child: All worker threads have exited.
[Tue Nov 24 17:40:42.093927 2015] [mpm_winnt:notice] [pid 5644:tid 292] AH00430: Parent: Child process 340 exited successfully.
[Tue Nov 24 17:40:43.419929 2015] [mpm_winnt:notice] [pid 3416:tid 412] AH00455: Apache/2.4.9 (Win32) PHP/5.5.12 configured -- resuming normal operations
[Tue Nov 24 17:40:43.419929 2015] [mpm_winnt:notice] [pid 3416:tid 412] AH00456: Apache Lounge VC11 Server built: Mar 16 2014 12:13:13
[Tue Nov 24 17:40:43.419929 2015] [core:notice] [pid 3416:tid 412] AH00094: Command line: 'c:\\wamp\\bin\\apache\\apache2.4.9\\bin\\httpd.exe -d C:/wamp/bin/apache/apache2.4.9'
[Tue Nov 24 17:40:43.419929 2015] [mpm_winnt:notice] [pid 3416:tid 412] AH00418: Parent: Created child process 8068
[Tue Nov 24 17:40:44.671931 2015] [mpm_winnt:notice] [pid 8068:tid 328] AH00354: Child: Starting 64 worker threads.
[Wed Nov 25 00:05:06.960034 2015] [mpm_winnt:notice] [pid 3416:tid 412] AH00422: Parent: Received shutdown signal -- Shutting down the server.
[Wed Nov 25 00:05:09.003638 2015] [mpm_winnt:notice] [pid 8068:tid 328] AH00364: Child: All worker threads have exited.
[Wed Nov 25 00:05:09.019238 2015] [mpm_winnt:notice] [pid 3416:tid 412] AH00430: Parent: Child process 8068 exited successfully.
[Wed Nov 25 09:31:34.701503 2015] [mpm_winnt:notice] [pid 9456:tid 412] AH00455: Apache/2.4.9 (Win32) PHP/5.5.12 configured -- resuming normal operations
[Wed Nov 25 09:31:34.702504 2015] [mpm_winnt:notice] [pid 9456:tid 412] AH00456: Apache Lounge VC11 Server built: Mar 16 2014 12:13:13
[Wed Nov 25 09:31:34.702504 2015] [core:notice] [pid 9456:tid 412] AH00094: Command line: 'c:\\wamp\\bin\\apache\\apache2.4.9\\bin\\httpd.exe -d C:/wamp/bin/apache/apache2.4.9'
[Wed Nov 25 09:31:34.706504 2015] [mpm_winnt:notice] [pid 9456:tid 412] AH00418: Parent: Created child process 9476
[Wed Nov 25 09:31:36.398601 2015] [mpm_winnt:notice] [pid 9476:tid 328] AH00354: Child: Starting 64 worker threads.
[Wed Nov 25 10:03:35.190349 2015] [mpm_winnt:notice] [pid 9456:tid 412] AH00422: Parent: Received shutdown signal -- Shutting down the server.
[Wed Nov 25 10:03:37.191464 2015] [mpm_winnt:notice] [pid 9476:tid 328] AH00364: Child: All worker threads have exited.
[Wed Nov 25 10:03:37.255467 2015] [mpm_winnt:notice] [pid 9456:tid 412] AH00430: Parent: Child process 9476 exited successfully.
[Wed Nov 25 10:03:38.868560 2015] [mpm_winnt:notice] [pid 4800:tid 412] AH00455: Apache/2.4.9 (Win32) PHP/5.5.12 configured -- resuming normal operations
[Wed Nov 25 10:03:38.869560 2015] [mpm_winnt:notice] [pid 4800:tid 412] AH00456: Apache Lounge VC11 Server built: Mar 16 2014 12:13:13
[Wed Nov 25 10:03:38.869560 2015] [core:notice] [pid 4800:tid 412] AH00094: Command line: 'c:\\wamp\\bin\\apache\\apache2.4.9\\bin\\httpd.exe -d C:/wamp/bin/apache/apache2.4.9'
[Wed Nov 25 10:03:38.873560 2015] [mpm_winnt:notice] [pid 4800:tid 412] AH00418: Parent: Created child process 7832
[Wed Nov 25 10:03:40.347644 2015] [mpm_winnt:notice] [pid 7832:tid 328] AH00354: Child: Starting 64 worker threads.
[Wed Nov 25 10:03:56.485825 2015] [mpm_winnt:notice] [pid 4800:tid 412] AH00422: Parent: Received shutdown signal -- Shutting down the server.
[Wed Nov 25 10:03:58.513829 2015] [mpm_winnt:notice] [pid 7832:tid 328] AH00364: Child: All worker threads have exited.
[Wed Nov 25 10:03:58.529429 2015] [mpm_winnt:notice] [pid 4800:tid 412] AH00430: Parent: Child process 7832 exited successfully.
[Wed Nov 25 18:00:52.837600 2015] [mpm_winnt:notice] [pid 10972:tid 412] AH00455: Apache/2.4.9 (Win32) PHP/5.5.12 configured -- resuming normal operations
[Wed Nov 25 18:00:52.837600 2015] [mpm_winnt:notice] [pid 10972:tid 412] AH00456: Apache Lounge VC11 Server built: Mar 16 2014 12:13:13
[Wed Nov 25 18:00:52.837600 2015] [core:notice] [pid 10972:tid 412] AH00094: Command line: 'c:\\wamp\\bin\\apache\\apache2.4.9\\bin\\httpd.exe -d C:/wamp/bin/apache/apache2.4.9'
[Wed Nov 25 18:00:52.841600 2015] [mpm_winnt:notice] [pid 10972:tid 412] AH00418: Parent: Created child process 10688
[Wed Nov 25 18:00:54.375688 2015] [mpm_winnt:notice] [pid 10688:tid 328] AH00354: Child: Starting 64 worker threads.
[Wed Nov 25 18:00:59.031954 2015] [mpm_winnt:notice] [pid 10972:tid 412] AH00422: Parent: Received shutdown signal -- Shutting down the server.
[Wed Nov 25 18:01:01.033069 2015] [mpm_winnt:notice] [pid 10688:tid 328] AH00364: Child: All worker threads have exited.
[Wed Nov 25 18:01:01.068071 2015] [mpm_winnt:notice] [pid 10972:tid 412] AH00430: Parent: Child process 10688 exited successfully.
[Wed Nov 25 18:01:02.799170 2015] [mpm_winnt:notice] [pid 5768:tid 412] AH00455: Apache/2.4.9 (Win32) PHP/5.5.12 configured -- resuming normal operations
[Wed Nov 25 18:01:02.799170 2015] [mpm_winnt:notice] [pid 5768:tid 412] AH00456: Apache Lounge VC11 Server built: Mar 16 2014 12:13:13
[Wed Nov 25 18:01:02.799170 2015] [core:notice] [pid 5768:tid 412] AH00094: Command line: 'c:\\wamp\\bin\\apache\\apache2.4.9\\bin\\httpd.exe -d C:/wamp/bin/apache/apache2.4.9'
[Wed Nov 25 18:01:02.805170 2015] [mpm_winnt:notice] [pid 5768:tid 412] AH00418: Parent: Created child process 10776
[Wed Nov 25 18:01:04.679277 2015] [mpm_winnt:notice] [pid 10776:tid 328] AH00354: Child: Starting 64 worker threads.
[Thu Nov 26 01:10:24.919883 2015] [mpm_winnt:notice] [pid 5768:tid 412] AH00422: Parent: Received shutdown signal -- Shutting down the server.
[Thu Nov 26 01:10:26.948886 2015] [mpm_winnt:notice] [pid 10776:tid 328] AH00364: Child: All worker threads have exited.
[Thu Nov 26 01:10:26.980086 2015] [mpm_winnt:notice] [pid 5768:tid 412] AH00430: Parent: Child process 10776 exited successfully.
[Thu Nov 26 12:13:14.653254 2015] [mpm_winnt:notice] [pid 7192:tid 412] AH00455: Apache/2.4.9 (Win32) PHP/5.5.12 configured -- resuming normal operations
[Thu Nov 26 12:13:14.655254 2015] [mpm_winnt:notice] [pid 7192:tid 412] AH00456: Apache Lounge VC11 Server built: Mar 16 2014 12:13:13
[Thu Nov 26 12:13:14.655254 2015] [core:notice] [pid 7192:tid 412] AH00094: Command line: 'c:\\wamp\\bin\\apache\\apache2.4.9\\bin\\httpd.exe -d C:/wamp/bin/apache/apache2.4.9'
[Thu Nov 26 12:13:14.660254 2015] [mpm_winnt:notice] [pid 7192:tid 412] AH00418: Parent: Created child process 2952
[Thu Nov 26 12:13:17.014389 2015] [mpm_winnt:notice] [pid 2952:tid 328] AH00354: Child: Starting 64 worker threads.
[Thu Nov 26 22:05:51.566868 2015] [mpm_winnt:notice] [pid 7192:tid 412] AH00422: Parent: Received shutdown signal -- Shutting down the server.
[Thu Nov 26 22:05:53.626071 2015] [mpm_winnt:notice] [pid 2952:tid 328] AH00364: Child: All worker threads have exited.
[Thu Nov 26 22:05:53.735272 2015] [mpm_winnt:notice] [pid 7192:tid 412] AH00430: Parent: Child process 2952 exited successfully.
[Sat Nov 28 18:23:28.499742 2015] [mpm_winnt:notice] [pid 2276:tid 412] AH00455: Apache/2.4.9 (Win32) PHP/5.5.12 configured -- resuming normal operations
[Sat Nov 28 18:23:28.499742 2015] [mpm_winnt:notice] [pid 2276:tid 412] AH00456: Apache Lounge VC11 Server built: Mar 16 2014 12:13:13
[Sat Nov 28 18:23:28.499742 2015] [core:notice] [pid 2276:tid 412] AH00094: Command line: 'c:\\wamp\\bin\\apache\\apache2.4.9\\bin\\httpd.exe -d C:/wamp/bin/apache/apache2.4.9'
[Sat Nov 28 18:23:28.505743 2015] [mpm_winnt:notice] [pid 2276:tid 412] AH00418: Parent: Created child process 8456
[Sat Nov 28 18:23:31.272901 2015] [mpm_winnt:notice] [pid 8456:tid 328] AH00354: Child: Starting 64 worker threads.
[Sat Nov 28 18:50:30.976366 2015] [mpm_winnt:notice] [pid 2276:tid 412] AH00422: Parent: Received shutdown signal -- Shutting down the server.
[Sat Nov 28 18:50:35.890633 2015] [mpm_winnt:notice] [pid 8456:tid 328] AH00364: Child: All worker threads have exited.
[Sat Nov 28 18:50:35.936636 2015] [mpm_winnt:notice] [pid 2276:tid 412] AH00430: Parent: Child process 8456 exited successfully.
[Sat Nov 28 18:50:37.348709 2015] [mpm_winnt:notice] [pid 7364:tid 412] AH00455: Apache/2.4.9 (Win32) PHP/5.5.12 configured -- resuming normal operations
[Sat Nov 28 18:50:37.348709 2015] [mpm_winnt:notice] [pid 7364:tid 412] AH00456: Apache Lounge VC11 Server built: Mar 16 2014 12:13:13
[Sat Nov 28 18:50:37.348709 2015] [core:notice] [pid 7364:tid 412] AH00094: Command line: 'c:\\wamp\\bin\\apache\\apache2.4.9\\bin\\httpd.exe -d C:/wamp/bin/apache/apache2.4.9'
[Sat Nov 28 18:50:37.352710 2015] [mpm_winnt:notice] [pid 7364:tid 412] AH00418: Parent: Created child process 3500
[Sat Nov 28 18:50:38.745789 2015] [mpm_winnt:notice] [pid 3500:tid 328] AH00354: Child: Starting 64 worker threads.
[Sun Nov 29 00:28:15.808943 2015] [mpm_winnt:notice] [pid 7364:tid 412] AH00422: Parent: Received shutdown signal -- Shutting down the server.
[Sun Nov 29 00:28:17.837947 2015] [mpm_winnt:notice] [pid 3500:tid 328] AH00364: Child: All worker threads have exited.
[Sun Nov 29 00:28:17.853547 2015] [mpm_winnt:notice] [pid 7364:tid 412] AH00430: Parent: Child process 3500 exited successfully.
[Sun Nov 29 11:23:34.211634 2015] [mpm_winnt:notice] [pid 7872:tid 416] AH00455: Apache/2.4.9 (Win32) PHP/5.5.12 configured -- resuming normal operations
[Sun Nov 29 11:23:34.212634 2015] [mpm_winnt:notice] [pid 7872:tid 416] AH00456: Apache Lounge VC11 Server built: Mar 16 2014 12:13:13
[Sun Nov 29 11:23:34.212634 2015] [core:notice] [pid 7872:tid 416] AH00094: Command line: 'c:\\wamp\\bin\\apache\\apache2.4.9\\bin\\httpd.exe -d C:/wamp/bin/apache/apache2.4.9'
[Sun Nov 29 11:23:34.217635 2015] [mpm_winnt:notice] [pid 7872:tid 416] AH00418: Parent: Created child process 8016
[Sun Nov 29 11:23:36.071741 2015] [mpm_winnt:notice] [pid 8016:tid 328] AH00354: Child: Starting 64 worker threads.
[Sun Nov 29 11:23:41.312040 2015] [mpm_winnt:notice] [pid 7872:tid 416] AH00422: Parent: Received shutdown signal -- Shutting down the server.
[Sun Nov 29 11:23:43.333156 2015] [mpm_winnt:notice] [pid 8016:tid 328] AH00364: Child: All worker threads have exited.
[Sun Nov 29 11:23:43.403160 2015] [mpm_winnt:notice] [pid 7872:tid 416] AH00430: Parent: Child process 8016 exited successfully.
[Sun Nov 29 11:23:45.361272 2015] [mpm_winnt:notice] [pid 6772:tid 412] AH00455: Apache/2.4.9 (Win32) PHP/5.5.12 configured -- resuming normal operations
[Sun Nov 29 11:23:45.361272 2015] [mpm_winnt:notice] [pid 6772:tid 412] AH00456: Apache Lounge VC11 Server built: Mar 16 2014 12:13:13
[Sun Nov 29 11:23:45.361272 2015] [core:notice] [pid 6772:tid 412] AH00094: Command line: 'c:\\wamp\\bin\\apache\\apache2.4.9\\bin\\httpd.exe -d C:/wamp/bin/apache/apache2.4.9'
[Sun Nov 29 11:23:45.366272 2015] [mpm_winnt:notice] [pid 6772:tid 412] AH00418: Parent: Created child process 8556
[Sun Nov 29 11:23:47.198377 2015] [mpm_winnt:notice] [pid 8556:tid 328] AH00354: Child: Starting 64 worker threads.
[Sun Nov 29 23:06:55.720179 2015] [:error] [pid 8556:tid 832] [client ::1:65491] script 'C:/wamp/www/ShopApp/process_post.php' not found or unable to stat, referer: http://localhost/shopapp/post.php
[Sun Nov 29 23:07:36.141491 2015] [:error] [pid 8556:tid 860] [client ::1:49169] script 'C:/wamp/www/ShopApp/process_post.php' not found or unable to stat, referer: http://localhost/shopapp/post.php
[Mon Nov 30 01:08:14.200846 2015] [mpm_winnt:notice] [pid 6772:tid 412] AH00422: Parent: Received shutdown signal -- Shutting down the server.
[Mon Nov 30 01:08:16.260049 2015] [mpm_winnt:notice] [pid 8556:tid 328] AH00364: Child: All worker threads have exited.
[Mon Nov 30 01:08:16.416050 2015] [mpm_winnt:notice] [pid 6772:tid 412] AH00430: Parent: Child process 8556 exited successfully.
[Mon Nov 30 07:52:58.001207 2015] [mpm_winnt:notice] [pid 6864:tid 412] AH00455: Apache/2.4.9 (Win32) PHP/5.5.12 configured -- resuming normal operations
[Mon Nov 30 07:52:58.002207 2015] [mpm_winnt:notice] [pid 6864:tid 412] AH00456: Apache Lounge VC11 Server built: Mar 16 2014 12:13:13
[Mon Nov 30 07:52:58.002207 2015] [core:notice] [pid 6864:tid 412] AH00094: Command line: 'c:\\wamp\\bin\\apache\\apache2.4.9\\bin\\httpd.exe -d C:/wamp/bin/apache/apache2.4.9'
[Mon Nov 30 07:52:58.013208 2015] [mpm_winnt:notice] [pid 6864:tid 412] AH00418: Parent: Created child process 2460
[Mon Nov 30 07:53:01.558411 2015] [mpm_winnt:notice] [pid 2460:tid 328] AH00354: Child: Starting 64 worker threads.
